{"C:\\Users\\kevin\\Desktop\\sistema_pm\\server\\src\\config\\db.ts": {"path":"C:\\Users\\kevin\\Desktop\\sistema_pm\\server\\src\\config\\db.ts","statementMap":{"0":{"start":{"line":1,"column":0},"end":{"line":1,"column":48}},"1":{"start":{"line":2,"column":0},"end":{"line":2,"column":27}},"2":{"start":{"line":4,"column":0},"end":{"line":4,"column":null}},"3":{"start":{"line":6,"column":11},"end":{"line":9,"column":2}},"4":{"start":{"line":11,"column":0},"end":{"line":11,"column":null}}},"fnMap":{},"branchMap":{},"s":{"0":6,"1":6,"2":6,"3":6,"4":6},"f":{},"b":{}}
,"C:\\Users\\kevin\\Desktop\\sistema_pm\\server\\src\\config\\swagger.ts": {"path":"C:\\Users\\kevin\\Desktop\\sistema_pm\\server\\src\\config\\swagger.ts","statementMap":{"0":{"start":{"line":1,"column":0},"end":{"line":1,"column":41}},"1":{"start":{"line":3,"column":38},"end":{"line":19,"column":null}},"2":{"start":{"line":21,"column":20},"end":{"line":21,"column":41}},"3":{"start":{"line":23,"column":0},"end":{"line":23,"column":null}}},"fnMap":{},"branchMap":{},"s":{"0":6,"1":6,"2":6,"3":6},"f":{},"b":{}}
,"C:\\Users\\kevin\\Desktop\\sistema_pm\\server\\src\\handlers\\area.ts": {"path":"C:\\Users\\kevin\\Desktop\\sistema_pm\\server\\src\\handlers\\area.ts","statementMap":{"0":{"start":{"line":2,"column":0},"end":{"line":2,"column":39}},"1":{"start":{"line":3,"column":0},"end":{"line":3,"column":93}},"2":{"start":{"line":5,"column":23},"end":{"line":7,"column":1}},"3":{"start":{"line":6,"column":4},"end":{"line":6,"column":null}},"4":{"start":{"line":5,"column":13},"end":{"line":5,"column":23}},"5":{"start":{"line":9,"column":27},"end":{"line":11,"column":1}},"6":{"start":{"line":10,"column":4},"end":{"line":10,"column":28}},"7":{"start":{"line":9,"column":13},"end":{"line":9,"column":27}},"8":{"start":{"line":13,"column":26},"end":{"line":15,"column":1}},"9":{"start":{"line":14,"column":4},"end":{"line":14,"column":33}},"10":{"start":{"line":13,"column":13},"end":{"line":13,"column":26}},"11":{"start":{"line":17,"column":26},"end":{"line":19,"column":1}},"12":{"start":{"line":18,"column":4},"end":{"line":18,"column":33}},"13":{"start":{"line":17,"column":13},"end":{"line":17,"column":26}},"14":{"start":{"line":21,"column":26},"end":{"line":23,"column":1}},"15":{"start":{"line":22,"column":4},"end":{"line":22,"column":33}},"16":{"start":{"line":21,"column":13},"end":{"line":21,"column":26}}},"fnMap":{"0":{"name":"(anonymous_1)","decl":{"start":{"line":5,"column":23},"end":{"line":5,"column":24}},"loc":{"start":{"line":5,"column":55},"end":{"line":7,"column":1}}},"1":{"name":"(anonymous_2)","decl":{"start":{"line":9,"column":27},"end":{"line":9,"column":28}},"loc":{"start":{"line":9,"column":59},"end":{"line":11,"column":1}}},"2":{"name":"(anonymous_3)","decl":{"start":{"line":13,"column":26},"end":{"line":13,"column":27}},"loc":{"start":{"line":13,"column":58},"end":{"line":15,"column":1}}},"3":{"name":"(anonymous_4)","decl":{"start":{"line":17,"column":26},"end":{"line":17,"column":27}},"loc":{"start":{"line":17,"column":58},"end":{"line":19,"column":1}}},"4":{"name":"(anonymous_5)","decl":{"start":{"line":21,"column":26},"end":{"line":21,"column":27}},"loc":{"start":{"line":21,"column":58},"end":{"line":23,"column":1}}}},"branchMap":{},"s":{"0":6,"1":6,"2":6,"3":2,"4":6,"5":6,"6":2,"7":6,"8":6,"9":1,"10":6,"11":6,"12":2,"13":6,"14":6,"15":2,"16":6},"f":{"0":2,"1":2,"2":1,"3":2,"4":2},"b":{}}
,"C:\\Users\\kevin\\Desktop\\sistema_pm\\server\\src\\handlers\\categoria_material.ts": {"path":"C:\\Users\\kevin\\Desktop\\sistema_pm\\server\\src\\handlers\\categoria_material.ts","statementMap":{"0":{"start":{"line":2,"column":0},"end":{"line":2,"column":66}},"1":{"start":{"line":3,"column":0},"end":{"line":3,"column":93}},"2":{"start":{"line":5,"column":36},"end":{"line":7,"column":1}},"3":{"start":{"line":6,"column":4},"end":{"line":6,"column":40}},"4":{"start":{"line":5,"column":13},"end":{"line":5,"column":36}},"5":{"start":{"line":9,"column":40},"end":{"line":11,"column":1}},"6":{"start":{"line":10,"column":4},"end":{"line":10,"column":41}},"7":{"start":{"line":9,"column":13},"end":{"line":9,"column":40}},"8":{"start":{"line":13,"column":40},"end":{"line":15,"column":1}},"9":{"start":{"line":14,"column":4},"end":{"line":14,"column":46}},"10":{"start":{"line":13,"column":13},"end":{"line":13,"column":40}},"11":{"start":{"line":17,"column":39},"end":{"line":19,"column":1}},"12":{"start":{"line":18,"column":4},"end":{"line":18,"column":46}},"13":{"start":{"line":17,"column":13},"end":{"line":17,"column":39}},"14":{"start":{"line":21,"column":39},"end":{"line":23,"column":1}},"15":{"start":{"line":22,"column":4},"end":{"line":22,"column":46}},"16":{"start":{"line":21,"column":13},"end":{"line":21,"column":39}}},"fnMap":{"0":{"name":"(anonymous_1)","decl":{"start":{"line":5,"column":36},"end":{"line":5,"column":41}},"loc":{"start":{"line":5,"column":74},"end":{"line":7,"column":1}}},"1":{"name":"(anonymous_2)","decl":{"start":{"line":9,"column":40},"end":{"line":9,"column":45}},"loc":{"start":{"line":9,"column":78},"end":{"line":11,"column":1}}},"2":{"name":"(anonymous_3)","decl":{"start":{"line":13,"column":40},"end":{"line":13,"column":45}},"loc":{"start":{"line":13,"column":78},"end":{"line":15,"column":1}}},"3":{"name":"(anonymous_4)","decl":{"start":{"line":17,"column":39},"end":{"line":17,"column":44}},"loc":{"start":{"line":17,"column":77},"end":{"line":19,"column":1}}},"4":{"name":"(anonymous_5)","decl":{"start":{"line":21,"column":39},"end":{"line":21,"column":44}},"loc":{"start":{"line":21,"column":77},"end":{"line":23,"column":1}}}},"branchMap":{},"s":{"0":6,"1":6,"2":6,"3":2,"4":6,"5":6,"6":2,"7":6,"8":6,"9":1,"10":6,"11":6,"12":2,"13":6,"14":6,"15":2,"16":6},"f":{"0":2,"1":2,"2":1,"3":2,"4":2},"b":{}}
,"C:\\Users\\kevin\\Desktop\\sistema_pm\\server\\src\\handlers\\marca.ts": {"path":"C:\\Users\\kevin\\Desktop\\sistema_pm\\server\\src\\handlers\\marca.ts","statementMap":{"0":{"start":{"line":3,"column":0},"end":{"line":3,"column":41}},"1":{"start":{"line":4,"column":0},"end":{"line":4,"column":93}},"2":{"start":{"line":6,"column":27},"end":{"line":8,"column":1}},"3":{"start":{"line":7,"column":4},"end":{"line":7,"column":34}},"4":{"start":{"line":6,"column":13},"end":{"line":6,"column":27}},"5":{"start":{"line":10,"column":24},"end":{"line":12,"column":1}},"6":{"start":{"line":11,"column":4},"end":{"line":11,"column":null}},"7":{"start":{"line":10,"column":13},"end":{"line":10,"column":24}},"8":{"start":{"line":14,"column":28},"end":{"line":16,"column":1}},"9":{"start":{"line":15,"column":4},"end":{"line":15,"column":null}},"10":{"start":{"line":14,"column":13},"end":{"line":14,"column":28}},"11":{"start":{"line":18,"column":27},"end":{"line":20,"column":1}},"12":{"start":{"line":19,"column":4},"end":{"line":19,"column":34}},"13":{"start":{"line":18,"column":13},"end":{"line":18,"column":27}},"14":{"start":{"line":22,"column":27},"end":{"line":24,"column":1}},"15":{"start":{"line":23,"column":4},"end":{"line":23,"column":34}},"16":{"start":{"line":22,"column":13},"end":{"line":22,"column":27}}},"fnMap":{"0":{"name":"(anonymous_1)","decl":{"start":{"line":6,"column":27},"end":{"line":6,"column":28}},"loc":{"start":{"line":6,"column":59},"end":{"line":8,"column":1}}},"1":{"name":"(anonymous_2)","decl":{"start":{"line":10,"column":24},"end":{"line":10,"column":25}},"loc":{"start":{"line":10,"column":56},"end":{"line":12,"column":1}}},"2":{"name":"(anonymous_3)","decl":{"start":{"line":14,"column":28},"end":{"line":14,"column":29}},"loc":{"start":{"line":14,"column":60},"end":{"line":16,"column":1}}},"3":{"name":"(anonymous_4)","decl":{"start":{"line":18,"column":27},"end":{"line":18,"column":28}},"loc":{"start":{"line":18,"column":59},"end":{"line":20,"column":1}}},"4":{"name":"(anonymous_5)","decl":{"start":{"line":22,"column":27},"end":{"line":22,"column":28}},"loc":{"start":{"line":22,"column":59},"end":{"line":24,"column":1}}}},"branchMap":{},"s":{"0":6,"1":6,"2":6,"3":1,"4":6,"5":6,"6":2,"7":6,"8":6,"9":2,"10":6,"11":6,"12":2,"13":6,"14":6,"15":2,"16":6},"f":{"0":1,"1":2,"2":2,"3":2,"4":2},"b":{}}
,"C:\\Users\\kevin\\Desktop\\sistema_pm\\server\\src\\handlers\\material.ts": {"path":"C:\\Users\\kevin\\Desktop\\sistema_pm\\server\\src\\handlers\\material.ts","statementMap":{"0":{"start":{"line":2,"column":0},"end":{"line":2,"column":46}},"1":{"start":{"line":3,"column":0},"end":{"line":3,"column":40}},"2":{"start":{"line":4,"column":0},"end":{"line":4,"column":38}},"3":{"start":{"line":5,"column":0},"end":{"line":5,"column":65}},"4":{"start":{"line":6,"column":0},"end":{"line":6,"column":48}},"5":{"start":{"line":8,"column":27},"end":{"line":37,"column":1}},"6":{"start":{"line":9,"column":4},"end":{"line":36,"column":5}},"7":{"start":{"line":11,"column":25},"end":{"line":23,"column":null}},"8":{"start":{"line":27,"column":8},"end":{"line":31,"column":9}},"9":{"start":{"line":28,"column":12},"end":{"line":30,"column":null}},"10":{"start":{"line":32,"column":8},"end":{"line":32,"column":37}},"11":{"start":{"line":35,"column":8},"end":{"line":35,"column":27}},"12":{"start":{"line":8,"column":13},"end":{"line":8,"column":27}},"13":{"start":{"line":40,"column":31},"end":{"line":68,"column":1}},"14":{"start":{"line":41,"column":4},"end":{"line":67,"column":5}},"15":{"start":{"line":43,"column":23},"end":{"line":43,"column":33}},"16":{"start":{"line":45,"column":25},"end":{"line":56,"column":10}},"17":{"start":{"line":58,"column":8},"end":{"line":62,"column":9}},"18":{"start":{"line":59,"column":12},"end":{"line":61,"column":null}},"19":{"start":{"line":63,"column":8},"end":{"line":63,"column":37}},"20":{"start":{"line":66,"column":8},"end":{"line":66,"column":27}},"21":{"start":{"line":40,"column":13},"end":{"line":40,"column":31}},"22":{"start":{"line":72,"column":30},"end":{"line":79,"column":1}},"23":{"start":{"line":73,"column":4},"end":{"line":78,"column":5}},"24":{"start":{"line":74,"column":25},"end":{"line":74,"column":56}},"25":{"start":{"line":75,"column":8},"end":{"line":75,"column":49}},"26":{"start":{"line":77,"column":8},"end":{"line":77,"column":27}},"27":{"start":{"line":72,"column":13},"end":{"line":72,"column":30}},"28":{"start":{"line":81,"column":30},"end":{"line":102,"column":1}},"29":{"start":{"line":82,"column":4},"end":{"line":101,"column":5}},"30":{"start":{"line":83,"column":23},"end":{"line":83,"column":33}},"31":{"start":{"line":85,"column":25},"end":{"line":85,"column":52}},"32":{"start":{"line":87,"column":8},"end":{"line":91,"column":9}},"33":{"start":{"line":88,"column":12},"end":{"line":90,"column":null}},"34":{"start":{"line":95,"column":8},"end":{"line":95,"column":40}},"35":{"start":{"line":96,"column":8},"end":{"line":96,"column":30}},"36":{"start":{"line":98,"column":8},"end":{"line":98,"column":37}},"37":{"start":{"line":100,"column":8},"end":{"line":100,"column":27}},"38":{"start":{"line":81,"column":13},"end":{"line":81,"column":30}},"39":{"start":{"line":104,"column":30},"end":{"line":117,"column":1}},"40":{"start":{"line":105,"column":19},"end":{"line":105,"column":29}},"41":{"start":{"line":107,"column":21},"end":{"line":107,"column":48}},"42":{"start":{"line":109,"column":4},"end":{"line":113,"column":5}},"43":{"start":{"line":110,"column":8},"end":{"line":112,"column":null}},"44":{"start":{"line":115,"column":4},"end":{"line":115,"column":null}},"45":{"start":{"line":116,"column":4},"end":{"line":116,"column":null}},"46":{"start":{"line":104,"column":13},"end":{"line":104,"column":30}}},"fnMap":{"0":{"name":"(anonymous_1)","decl":{"start":{"line":8,"column":27},"end":{"line":8,"column":32}},"loc":{"start":{"line":8,"column":65},"end":{"line":37,"column":1}}},"1":{"name":"(anonymous_2)","decl":{"start":{"line":40,"column":31},"end":{"line":40,"column":36}},"loc":{"start":{"line":40,"column":69},"end":{"line":68,"column":1}}},"2":{"name":"(anonymous_3)","decl":{"start":{"line":72,"column":30},"end":{"line":72,"column":35}},"loc":{"start":{"line":72,"column":68},"end":{"line":79,"column":1}}},"3":{"name":"(anonymous_4)","decl":{"start":{"line":81,"column":30},"end":{"line":81,"column":35}},"loc":{"start":{"line":81,"column":68},"end":{"line":102,"column":1}}},"4":{"name":"(anonymous_5)","decl":{"start":{"line":104,"column":30},"end":{"line":104,"column":35}},"loc":{"start":{"line":104,"column":68},"end":{"line":117,"column":1}}}},"branchMap":{"0":{"loc":{"start":{"line":27,"column":8},"end":{"line":31,"column":9}},"type":"if","locations":[{"start":{"line":27,"column":8},"end":{"line":31,"column":9}}]},"1":{"loc":{"start":{"line":58,"column":8},"end":{"line":62,"column":9}},"type":"if","locations":[{"start":{"line":58,"column":8},"end":{"line":62,"column":9}}]},"2":{"loc":{"start":{"line":87,"column":8},"end":{"line":91,"column":9}},"type":"if","locations":[{"start":{"line":87,"column":8},"end":{"line":91,"column":9}}]},"3":{"loc":{"start":{"line":109,"column":4},"end":{"line":113,"column":5}},"type":"if","locations":[{"start":{"line":109,"column":4},"end":{"line":113,"column":5}}]}},"s":{"0":6,"1":6,"2":6,"3":6,"4":6,"5":6,"6":2,"7":2,"8":2,"9":0,"10":2,"11":0,"12":6,"13":6,"14":2,"15":2,"16":2,"17":2,"18":1,"19":1,"20":0,"21":6,"22":6,"23":1,"24":1,"25":1,"26":0,"27":6,"28":6,"29":2,"30":2,"31":2,"32":2,"33":1,"34":1,"35":1,"36":1,"37":0,"38":6,"39":6,"40":2,"41":2,"42":2,"43":1,"44":1,"45":0,"46":6},"f":{"0":2,"1":2,"2":1,"3":2,"4":2},"b":{"0":[0],"1":[1],"2":[1],"3":[1]}}
,"C:\\Users\\kevin\\Desktop\\sistema_pm\\server\\src\\handlers\\material_proveedor.ts": {"path":"C:\\Users\\kevin\\Desktop\\sistema_pm\\server\\src\\handlers\\material_proveedor.ts","statementMap":{"0":{"start":{"line":2,"column":0},"end":{"line":2,"column":65}},"1":{"start":{"line":3,"column":0},"end":{"line":3,"column":48}},"2":{"start":{"line":4,"column":0},"end":{"line":4,"column":47}},"3":{"start":{"line":5,"column":0},"end":{"line":5,"column":76}},"4":{"start":{"line":7,"column":36},"end":{"line":27,"column":1}},"5":{"start":{"line":8,"column":32},"end":{"line":19,"column":6}},"6":{"start":{"line":21,"column":4},"end":{"line":25,"column":5}},"7":{"start":{"line":22,"column":8},"end":{"line":24,"column":null}},"8":{"start":{"line":26,"column":4},"end":{"line":26,"column":44}},"9":{"start":{"line":7,"column":13},"end":{"line":7,"column":36}},"10":{"start":{"line":29,"column":40},"end":{"line":55,"column":1}},"11":{"start":{"line":30,"column":42},"end":{"line":30,"column":52}},"12":{"start":{"line":32,"column":32},"end":{"line":47,"column":6}},"13":{"start":{"line":49,"column":4},"end":{"line":53,"column":5}},"14":{"start":{"line":50,"column":8},"end":{"line":52,"column":null}},"15":{"start":{"line":54,"column":4},"end":{"line":54,"column":44}},"16":{"start":{"line":29,"column":13},"end":{"line":29,"column":40}},"17":{"start":{"line":57,"column":39},"end":{"line":59,"column":1}},"18":{"start":{"line":58,"column":4},"end":{"line":58,"column":null}},"19":{"start":{"line":57,"column":13},"end":{"line":57,"column":39}},"20":{"start":{"line":61,"column":39},"end":{"line":82,"column":1}},"21":{"start":{"line":62,"column":42},"end":{"line":62,"column":52}},"22":{"start":{"line":63,"column":32},"end":{"line":68,"column":6}},"23":{"start":{"line":70,"column":4},"end":{"line":74,"column":5}},"24":{"start":{"line":71,"column":8},"end":{"line":73,"column":null}},"25":{"start":{"line":77,"column":4},"end":{"line":77,"column":null}},"26":{"start":{"line":80,"column":43},"end":{"line":80,"column":83}},"27":{"start":{"line":81,"column":4},"end":{"line":81,"column":67}},"28":{"start":{"line":61,"column":13},"end":{"line":61,"column":39}}},"fnMap":{"0":{"name":"(anonymous_1)","decl":{"start":{"line":7,"column":36},"end":{"line":7,"column":41}},"loc":{"start":{"line":7,"column":74},"end":{"line":27,"column":1}}},"1":{"name":"(anonymous_2)","decl":{"start":{"line":29,"column":40},"end":{"line":29,"column":45}},"loc":{"start":{"line":29,"column":78},"end":{"line":55,"column":1}}},"2":{"name":"(anonymous_3)","decl":{"start":{"line":57,"column":39},"end":{"line":57,"column":40}},"loc":{"start":{"line":57,"column":71},"end":{"line":59,"column":1}}},"3":{"name":"(anonymous_4)","decl":{"start":{"line":61,"column":39},"end":{"line":61,"column":44}},"loc":{"start":{"line":61,"column":77},"end":{"line":82,"column":1}}}},"branchMap":{"0":{"loc":{"start":{"line":21,"column":4},"end":{"line":25,"column":5}},"type":"if","locations":[{"start":{"line":21,"column":4},"end":{"line":25,"column":5}}]},"1":{"loc":{"start":{"line":49,"column":4},"end":{"line":53,"column":5}},"type":"if","locations":[{"start":{"line":49,"column":4},"end":{"line":53,"column":5}}]},"2":{"loc":{"start":{"line":70,"column":4},"end":{"line":74,"column":5}},"type":"if","locations":[{"start":{"line":70,"column":4},"end":{"line":74,"column":5}}]}},"s":{"0":6,"1":6,"2":6,"3":6,"4":6,"5":2,"6":2,"7":0,"8":2,"9":6,"10":6,"11":2,"12":2,"13":2,"14":1,"15":1,"16":6,"17":6,"18":1,"19":6,"20":6,"21":2,"22":2,"23":2,"24":1,"25":1,"26":1,"27":1,"28":6},"f":{"0":2,"1":2,"2":1,"3":2},"b":{"0":[0],"1":[1],"2":[1]}}
,"C:\\Users\\kevin\\Desktop\\sistema_pm\\server\\src\\handlers\\proveedor.ts": {"path":"C:\\Users\\kevin\\Desktop\\sistema_pm\\server\\src\\handlers\\proveedor.ts","statementMap":{"0":{"start":{"line":2,"column":0},"end":{"line":2,"column":49}},"1":{"start":{"line":3,"column":0},"end":{"line":3,"column":93}},"2":{"start":{"line":6,"column":28},"end":{"line":8,"column":1}},"3":{"start":{"line":7,"column":4},"end":{"line":7,"column":32}},"4":{"start":{"line":6,"column":13},"end":{"line":6,"column":28}},"5":{"start":{"line":10,"column":32},"end":{"line":12,"column":1}},"6":{"start":{"line":11,"column":4},"end":{"line":11,"column":33}},"7":{"start":{"line":10,"column":13},"end":{"line":10,"column":32}},"8":{"start":{"line":14,"column":31},"end":{"line":16,"column":1}},"9":{"start":{"line":15,"column":4},"end":{"line":15,"column":38}},"10":{"start":{"line":14,"column":13},"end":{"line":14,"column":31}},"11":{"start":{"line":18,"column":31},"end":{"line":20,"column":1}},"12":{"start":{"line":19,"column":4},"end":{"line":19,"column":38}},"13":{"start":{"line":18,"column":13},"end":{"line":18,"column":31}},"14":{"start":{"line":22,"column":31},"end":{"line":24,"column":1}},"15":{"start":{"line":23,"column":4},"end":{"line":23,"column":38}},"16":{"start":{"line":22,"column":13},"end":{"line":22,"column":31}}},"fnMap":{"0":{"name":"(anonymous_1)","decl":{"start":{"line":6,"column":28},"end":{"line":6,"column":29}},"loc":{"start":{"line":6,"column":60},"end":{"line":8,"column":1}}},"1":{"name":"(anonymous_2)","decl":{"start":{"line":10,"column":32},"end":{"line":10,"column":33}},"loc":{"start":{"line":10,"column":64},"end":{"line":12,"column":1}}},"2":{"name":"(anonymous_3)","decl":{"start":{"line":14,"column":31},"end":{"line":14,"column":32}},"loc":{"start":{"line":14,"column":63},"end":{"line":16,"column":1}}},"3":{"name":"(anonymous_4)","decl":{"start":{"line":18,"column":31},"end":{"line":18,"column":32}},"loc":{"start":{"line":18,"column":63},"end":{"line":20,"column":1}}},"4":{"name":"(anonymous_5)","decl":{"start":{"line":22,"column":31},"end":{"line":22,"column":36}},"loc":{"start":{"line":22,"column":69},"end":{"line":24,"column":1}}}},"branchMap":{},"s":{"0":6,"1":6,"2":6,"3":2,"4":6,"5":6,"6":2,"7":6,"8":6,"9":1,"10":6,"11":6,"12":2,"13":6,"14":6,"15":2,"16":6},"f":{"0":2,"1":2,"2":1,"3":2,"4":2},"b":{}}
,"C:\\Users\\kevin\\Desktop\\sistema_pm\\server\\src\\handlers\\rest_functions.ts": {"path":"C:\\Users\\kevin\\Desktop\\sistema_pm\\server\\src\\handlers\\rest_functions.ts","statementMap":{"0":{"start":{"line":3,"column":22},"end":{"line":16,"column":1}},"1":{"start":{"line":4,"column":4},"end":{"line":15,"column":5}},"2":{"start":{"line":5,"column":23},"end":{"line":5,"column":44}},"3":{"start":{"line":7,"column":8},"end":{"line":11,"column":9}},"4":{"start":{"line":8,"column":12},"end":{"line":10,"column":null}},"5":{"start":{"line":12,"column":8},"end":{"line":12,"column":35}},"6":{"start":{"line":14,"column":8},"end":{"line":14,"column":27}},"7":{"start":{"line":3,"column":13},"end":{"line":3,"column":22}},"8":{"start":{"line":18,"column":23},"end":{"line":35,"column":1}},"9":{"start":{"line":19,"column":4},"end":{"line":34,"column":5}},"10":{"start":{"line":21,"column":23},"end":{"line":21,"column":33}},"11":{"start":{"line":23,"column":23},"end":{"line":23,"column":47}},"12":{"start":{"line":25,"column":8},"end":{"line":29,"column":9}},"13":{"start":{"line":26,"column":12},"end":{"line":28,"column":null}},"14":{"start":{"line":30,"column":8},"end":{"line":30,"column":35}},"15":{"start":{"line":33,"column":8},"end":{"line":33,"column":27}},"16":{"start":{"line":18,"column":13},"end":{"line":18,"column":23}},"17":{"start":{"line":37,"column":28},"end":{"line":44,"column":1}},"18":{"start":{"line":38,"column":4},"end":{"line":43,"column":5}},"19":{"start":{"line":39,"column":23},"end":{"line":39,"column":51}},"20":{"start":{"line":40,"column":8},"end":{"line":40,"column":47}},"21":{"start":{"line":42,"column":8},"end":{"line":42,"column":27}},"22":{"start":{"line":37,"column":13},"end":{"line":37,"column":28}},"23":{"start":{"line":46,"column":28},"end":{"line":70,"column":1}},"24":{"start":{"line":47,"column":4},"end":{"line":69,"column":5}},"25":{"start":{"line":48,"column":23},"end":{"line":48,"column":33}},"26":{"start":{"line":50,"column":23},"end":{"line":50,"column":47}},"27":{"start":{"line":52,"column":8},"end":{"line":56,"column":9}},"28":{"start":{"line":53,"column":12},"end":{"line":55,"column":null}},"29":{"start":{"line":60,"column":8},"end":{"line":60,"column":38}},"30":{"start":{"line":61,"column":8},"end":{"line":61,"column":null}},"31":{"start":{"line":63,"column":8},"end":{"line":63,"column":35}},"32":{"start":{"line":68,"column":8},"end":{"line":68,"column":27}},"33":{"start":{"line":46,"column":13},"end":{"line":46,"column":28}},"34":{"start":{"line":72,"column":28},"end":{"line":90,"column":1}},"35":{"start":{"line":73,"column":4},"end":{"line":89,"column":5}},"36":{"start":{"line":74,"column":23},"end":{"line":74,"column":33}},"37":{"start":{"line":76,"column":23},"end":{"line":76,"column":47}},"38":{"start":{"line":78,"column":8},"end":{"line":82,"column":9}},"39":{"start":{"line":79,"column":12},"end":{"line":81,"column":null}},"40":{"start":{"line":84,"column":8},"end":{"line":84,"column":null}},"41":{"start":{"line":85,"column":8},"end":{"line":85,"column":null}},"42":{"start":{"line":88,"column":8},"end":{"line":88,"column":27}},"43":{"start":{"line":72,"column":13},"end":{"line":72,"column":28}}},"fnMap":{"0":{"name":"(anonymous_0)","decl":{"start":{"line":3,"column":22},"end":{"line":3,"column":27}},"loc":{"start":{"line":3,"column":72},"end":{"line":16,"column":1}}},"1":{"name":"(anonymous_1)","decl":{"start":{"line":18,"column":23},"end":{"line":18,"column":28}},"loc":{"start":{"line":18,"column":73},"end":{"line":35,"column":1}}},"2":{"name":"(anonymous_2)","decl":{"start":{"line":37,"column":28},"end":{"line":37,"column":33}},"loc":{"start":{"line":37,"column":78},"end":{"line":44,"column":1}}},"3":{"name":"(anonymous_3)","decl":{"start":{"line":46,"column":28},"end":{"line":46,"column":33}},"loc":{"start":{"line":46,"column":78},"end":{"line":70,"column":1}}},"4":{"name":"(anonymous_4)","decl":{"start":{"line":72,"column":28},"end":{"line":72,"column":33}},"loc":{"start":{"line":72,"column":78},"end":{"line":90,"column":1}}}},"branchMap":{"0":{"loc":{"start":{"line":7,"column":8},"end":{"line":11,"column":9}},"type":"if","locations":[{"start":{"line":7,"column":8},"end":{"line":11,"column":9}}]},"1":{"loc":{"start":{"line":25,"column":8},"end":{"line":29,"column":9}},"type":"if","locations":[{"start":{"line":25,"column":8},"end":{"line":29,"column":9}}]},"2":{"loc":{"start":{"line":52,"column":8},"end":{"line":56,"column":9}},"type":"if","locations":[{"start":{"line":52,"column":8},"end":{"line":56,"column":9}}]},"3":{"loc":{"start":{"line":78,"column":8},"end":{"line":82,"column":9}},"type":"if","locations":[{"start":{"line":78,"column":8},"end":{"line":82,"column":9}}]}},"s":{"0":6,"1":8,"2":8,"3":8,"4":0,"5":8,"6":0,"7":6,"8":6,"9":8,"10":8,"11":8,"12":8,"13":4,"14":4,"15":0,"16":6,"17":6,"18":5,"19":5,"20":5,"21":0,"22":6,"23":6,"24":8,"25":8,"26":8,"27":8,"28":6,"29":2,"30":2,"31":2,"32":0,"33":6,"34":6,"35":8,"36":8,"37":8,"38":8,"39":5,"40":3,"41":3,"42":0,"43":6},"f":{"0":8,"1":8,"2":5,"3":8,"4":8},"b":{"0":[0],"1":[4],"2":[6],"3":[5]}}
,"C:\\Users\\kevin\\Desktop\\sistema_pm\\server\\src\\middleware\\index.ts": {"path":"C:\\Users\\kevin\\Desktop\\sistema_pm\\server\\src\\middleware\\index.ts","statementMap":{"0":{"start":{"line":2,"column":0},"end":{"line":2,"column":52}},"1":{"start":{"line":4,"column":33},"end":{"line":10,"column":1}},"2":{"start":{"line":5,"column":17},"end":{"line":5,"column":38}},"3":{"start":{"line":6,"column":4},"end":{"line":8,"column":5}},"4":{"start":{"line":7,"column":8},"end":{"line":7,"column":64}},"5":{"start":{"line":9,"column":4},"end":{"line":9,"column":11}},"6":{"start":{"line":4,"column":13},"end":{"line":4,"column":33}}},"fnMap":{"0":{"name":"(anonymous_0)","decl":{"start":{"line":4,"column":33},"end":{"line":4,"column":34}},"loc":{"start":{"line":4,"column":85},"end":{"line":10,"column":1}}}},"branchMap":{"0":{"loc":{"start":{"line":6,"column":4},"end":{"line":8,"column":5}},"type":"if","locations":[{"start":{"line":6,"column":4},"end":{"line":8,"column":5}}]}},"s":{"0":6,"1":6,"2":69,"3":69,"4":29,"5":40,"6":6},"f":{"0":69},"b":{"0":[29]}}
,"C:\\Users\\kevin\\Desktop\\sistema_pm\\server\\src\\model\\Area.model.ts": {"path":"C:\\Users\\kevin\\Desktop\\sistema_pm\\server\\src\\model\\Area.model.ts","statementMap":{"0":{"start":{"line":1,"column":0},"end":{"line":1,"column":106}},"1":{"start":{"line":2,"column":0},"end":{"line":2,"column":40}},"2":{"start":{"line":3,"column":0},"end":{"line":3,"column":38}},"3":{"start":{"line":9,"column":0},"end":{"line":26,"column":null}},"4":{"start":{"line":13,"column":12},"end":{"line":13,"column":null}},"5":{"start":{"line":19,"column":12},"end":{"line":19,"column":null}},"6":{"start":{"line":22,"column":4},"end":{"line":22,"column":null}},"7":{"start":{"line":21,"column":19},"end":{"line":21,"column":27}},"8":{"start":{"line":25,"column":4},"end":{"line":25,"column":null}},"9":{"start":{"line":24,"column":19},"end":{"line":24,"column":26}},"10":{"start":{"line":9,"column":6},"end":{"line":26,"column":null}},"11":{"start":{"line":28,"column":0},"end":{"line":28,"column":20}}},"fnMap":{"0":{"name":"(anonymous_3)","decl":{"start":{"line":21,"column":13},"end":{"line":21,"column":16}},"loc":{"start":{"line":21,"column":19},"end":{"line":21,"column":27}}},"1":{"name":"(anonymous_4)","decl":{"start":{"line":24,"column":13},"end":{"line":24,"column":16}},"loc":{"start":{"line":24,"column":19},"end":{"line":24,"column":26}}}},"branchMap":{},"s":{"0":6,"1":6,"2":6,"3":6,"4":6,"5":6,"6":6,"7":12,"8":6,"9":12,"10":6,"11":6},"f":{"0":12,"1":12},"b":{}}
,"C:\\Users\\kevin\\Desktop\\sistema_pm\\server\\src\\model\\Categoria_Material.model.ts": {"path":"C:\\Users\\kevin\\Desktop\\sistema_pm\\server\\src\\model\\Categoria_Material.model.ts","statementMap":{"0":{"start":{"line":1,"column":0},"end":{"line":1,"column":106}},"1":{"start":{"line":2,"column":0},"end":{"line":2,"column":40}},"2":{"start":{"line":8,"column":0},"end":{"line":23,"column":null}},"3":{"start":{"line":12,"column":12},"end":{"line":12,"column":null}},"4":{"start":{"line":18,"column":12},"end":{"line":18,"column":null}},"5":{"start":{"line":21,"column":4},"end":{"line":21,"column":null}},"6":{"start":{"line":20,"column":19},"end":{"line":20,"column":27}},"7":{"start":{"line":8,"column":6},"end":{"line":23,"column":null}},"8":{"start":{"line":25,"column":0},"end":{"line":25,"column":33}}},"fnMap":{"0":{"name":"(anonymous_3)","decl":{"start":{"line":20,"column":13},"end":{"line":20,"column":16}},"loc":{"start":{"line":20,"column":19},"end":{"line":20,"column":27}}}},"branchMap":{},"s":{"0":6,"1":6,"2":6,"3":6,"4":6,"5":6,"6":12,"7":6,"8":6},"f":{"0":12},"b":{}}
,"C:\\Users\\kevin\\Desktop\\sistema_pm\\server\\src\\model\\Marca.model.ts": {"path":"C:\\Users\\kevin\\Desktop\\sistema_pm\\server\\src\\model\\Marca.model.ts","statementMap":{"0":{"start":{"line":1,"column":0},"end":{"line":1,"column":106}},"1":{"start":{"line":2,"column":0},"end":{"line":2,"column":40}},"2":{"start":{"line":8,"column":0},"end":{"line":21,"column":null}},"3":{"start":{"line":12,"column":12},"end":{"line":12,"column":null}},"4":{"start":{"line":17,"column":12},"end":{"line":17,"column":null}},"5":{"start":{"line":20,"column":4},"end":{"line":20,"column":null}},"6":{"start":{"line":19,"column":19},"end":{"line":19,"column":27}},"7":{"start":{"line":8,"column":6},"end":{"line":21,"column":null}},"8":{"start":{"line":23,"column":0},"end":{"line":23,"column":21}}},"fnMap":{"0":{"name":"(anonymous_3)","decl":{"start":{"line":19,"column":13},"end":{"line":19,"column":16}},"loc":{"start":{"line":19,"column":19},"end":{"line":19,"column":27}}}},"branchMap":{},"s":{"0":6,"1":6,"2":6,"3":6,"4":6,"5":6,"6":12,"7":6,"8":6},"f":{"0":12},"b":{}}
,"C:\\Users\\kevin\\Desktop\\sistema_pm\\server\\src\\model\\Material.model.ts": {"path":"C:\\Users\\kevin\\Desktop\\sistema_pm\\server\\src\\model\\Material.model.ts","statementMap":{"0":{"start":{"line":1,"column":0},"end":{"line":1,"column":135}},"1":{"start":{"line":2,"column":0},"end":{"line":2,"column":34}},"2":{"start":{"line":3,"column":0},"end":{"line":3,"column":32}},"3":{"start":{"line":4,"column":0},"end":{"line":4,"column":59}},"4":{"start":{"line":5,"column":0},"end":{"line":5,"column":42}},"5":{"start":{"line":6,"column":0},"end":{"line":6,"column":59}},"6":{"start":{"line":13,"column":0},"end":{"line":78,"column":null}},"7":{"start":{"line":17,"column":12},"end":{"line":17,"column":null}},"8":{"start":{"line":23,"column":12},"end":{"line":23,"column":null}},"9":{"start":{"line":29,"column":12},"end":{"line":29,"column":null}},"10":{"start":{"line":35,"column":12},"end":{"line":35,"column":null}},"11":{"start":{"line":41,"column":12},"end":{"line":41,"column":null}},"12":{"start":{"line":47,"column":12},"end":{"line":47,"column":null}},"13":{"start":{"line":53,"column":12},"end":{"line":53,"column":null}},"14":{"start":{"line":57,"column":12},"end":{"line":57,"column":null}},"15":{"start":{"line":55,"column":22},"end":{"line":55,"column":27}},"16":{"start":{"line":60,"column":12},"end":{"line":60,"column":null}},"17":{"start":{"line":59,"column":21},"end":{"line":59,"column":26}},"18":{"start":{"line":64,"column":12},"end":{"line":64,"column":null}},"19":{"start":{"line":62,"column":22},"end":{"line":62,"column":26}},"20":{"start":{"line":67,"column":4},"end":{"line":67,"column":null}},"21":{"start":{"line":66,"column":21},"end":{"line":66,"column":25}},"22":{"start":{"line":71,"column":12},"end":{"line":71,"column":null}},"23":{"start":{"line":69,"column":22},"end":{"line":69,"column":39}},"24":{"start":{"line":74,"column":4},"end":{"line":74,"column":null}},"25":{"start":{"line":73,"column":21},"end":{"line":73,"column":38}},"26":{"start":{"line":77,"column":4},"end":{"line":77,"column":null}},"27":{"start":{"line":76,"column":25},"end":{"line":76,"column":34}},"28":{"start":{"line":76,"column":42},"end":{"line":76,"column":59}},"29":{"start":{"line":13,"column":6},"end":{"line":78,"column":null}},"30":{"start":{"line":80,"column":0},"end":{"line":80,"column":24}}},"fnMap":{"0":{"name":"(anonymous_3)","decl":{"start":{"line":55,"column":16},"end":{"line":55,"column":19}},"loc":{"start":{"line":55,"column":22},"end":{"line":55,"column":27}}},"1":{"name":"(anonymous_4)","decl":{"start":{"line":59,"column":15},"end":{"line":59,"column":18}},"loc":{"start":{"line":59,"column":21},"end":{"line":59,"column":26}}},"2":{"name":"(anonymous_5)","decl":{"start":{"line":62,"column":16},"end":{"line":62,"column":19}},"loc":{"start":{"line":62,"column":22},"end":{"line":62,"column":26}}},"3":{"name":"(anonymous_6)","decl":{"start":{"line":66,"column":15},"end":{"line":66,"column":18}},"loc":{"start":{"line":66,"column":21},"end":{"line":66,"column":25}}},"4":{"name":"(anonymous_7)","decl":{"start":{"line":69,"column":16},"end":{"line":69,"column":19}},"loc":{"start":{"line":69,"column":22},"end":{"line":69,"column":39}}},"5":{"name":"(anonymous_8)","decl":{"start":{"line":73,"column":15},"end":{"line":73,"column":18}},"loc":{"start":{"line":73,"column":21},"end":{"line":73,"column":38}}},"6":{"name":"(anonymous_9)","decl":{"start":{"line":76,"column":19},"end":{"line":76,"column":22}},"loc":{"start":{"line":76,"column":25},"end":{"line":76,"column":34}}},"7":{"name":"(anonymous_10)","decl":{"start":{"line":76,"column":36},"end":{"line":76,"column":39}},"loc":{"start":{"line":76,"column":42},"end":{"line":76,"column":59}}}},"branchMap":{},"s":{"0":6,"1":6,"2":6,"3":6,"4":6,"5":6,"6":6,"7":6,"8":6,"9":6,"10":6,"11":6,"12":6,"13":6,"14":6,"15":60,"16":6,"17":12,"18":6,"19":36,"20":6,"21":12,"22":6,"23":12,"24":6,"25":12,"26":6,"27":12,"28":6,"29":6,"30":6},"f":{"0":60,"1":12,"2":36,"3":12,"4":12,"5":12,"6":12,"7":6},"b":{}}
,"C:\\Users\\kevin\\Desktop\\sistema_pm\\server\\src\\model\\Material_Proveedor.model.ts": {"path":"C:\\Users\\kevin\\Desktop\\sistema_pm\\server\\src\\model\\Material_Proveedor.model.ts","statementMap":{"0":{"start":{"line":1,"column":0},"end":{"line":1,"column":105}},"1":{"start":{"line":2,"column":0},"end":{"line":2,"column":42}},"2":{"start":{"line":3,"column":0},"end":{"line":3,"column":40}},"3":{"start":{"line":9,"column":0},"end":{"line":25,"column":null}},"4":{"start":{"line":13,"column":12},"end":{"line":13,"column":null}},"5":{"start":{"line":11,"column":22},"end":{"line":11,"column":31}},"6":{"start":{"line":16,"column":4},"end":{"line":16,"column":null}},"7":{"start":{"line":15,"column":21},"end":{"line":15,"column":30}},"8":{"start":{"line":21,"column":12},"end":{"line":21,"column":null}},"9":{"start":{"line":19,"column":22},"end":{"line":19,"column":30}},"10":{"start":{"line":24,"column":4},"end":{"line":24,"column":null}},"11":{"start":{"line":23,"column":21},"end":{"line":23,"column":29}},"12":{"start":{"line":9,"column":6},"end":{"line":25,"column":null}},"13":{"start":{"line":27,"column":0},"end":{"line":27,"column":33}}},"fnMap":{"0":{"name":"(anonymous_3)","decl":{"start":{"line":11,"column":16},"end":{"line":11,"column":19}},"loc":{"start":{"line":11,"column":22},"end":{"line":11,"column":31}}},"1":{"name":"(anonymous_4)","decl":{"start":{"line":15,"column":15},"end":{"line":15,"column":18}},"loc":{"start":{"line":15,"column":21},"end":{"line":15,"column":30}}},"2":{"name":"(anonymous_5)","decl":{"start":{"line":19,"column":16},"end":{"line":19,"column":19}},"loc":{"start":{"line":19,"column":22},"end":{"line":19,"column":30}}},"3":{"name":"(anonymous_6)","decl":{"start":{"line":23,"column":15},"end":{"line":23,"column":18}},"loc":{"start":{"line":23,"column":21},"end":{"line":23,"column":29}}}},"branchMap":{},"s":{"0":6,"1":6,"2":6,"3":6,"4":6,"5":54,"6":6,"7":12,"8":6,"9":18,"10":6,"11":12,"12":6,"13":6},"f":{"0":54,"1":12,"2":18,"3":12},"b":{}}
,"C:\\Users\\kevin\\Desktop\\sistema_pm\\server\\src\\model\\Proveedor.model.ts": {"path":"C:\\Users\\kevin\\Desktop\\sistema_pm\\server\\src\\model\\Proveedor.model.ts","statementMap":{"0":{"start":{"line":1,"column":0},"end":{"line":1,"column":112}},"1":{"start":{"line":2,"column":0},"end":{"line":2,"column":40}},"2":{"start":{"line":3,"column":0},"end":{"line":3,"column":59}},"3":{"start":{"line":9,"column":0},"end":{"line":36,"column":null}},"4":{"start":{"line":13,"column":12},"end":{"line":13,"column":null}},"5":{"start":{"line":19,"column":12},"end":{"line":19,"column":null}},"6":{"start":{"line":25,"column":12},"end":{"line":25,"column":null}},"7":{"start":{"line":31,"column":12},"end":{"line":31,"column":null}},"8":{"start":{"line":34,"column":4},"end":{"line":34,"column":null}},"9":{"start":{"line":33,"column":25},"end":{"line":33,"column":33}},"10":{"start":{"line":33,"column":41},"end":{"line":33,"column":58}},"11":{"start":{"line":9,"column":6},"end":{"line":36,"column":null}},"12":{"start":{"line":38,"column":0},"end":{"line":38,"column":25}}},"fnMap":{"0":{"name":"(anonymous_3)","decl":{"start":{"line":33,"column":19},"end":{"line":33,"column":22}},"loc":{"start":{"line":33,"column":25},"end":{"line":33,"column":33}}},"1":{"name":"(anonymous_4)","decl":{"start":{"line":33,"column":35},"end":{"line":33,"column":38}},"loc":{"start":{"line":33,"column":41},"end":{"line":33,"column":58}}}},"branchMap":{},"s":{"0":6,"1":6,"2":6,"3":6,"4":6,"5":6,"6":6,"7":6,"8":6,"9":12,"10":6,"11":6,"12":6},"f":{"0":12,"1":6},"b":{}}
,"C:\\Users\\kevin\\Desktop\\sistema_pm\\server\\src\\model\\Usuario.model.ts": {"path":"C:\\Users\\kevin\\Desktop\\sistema_pm\\server\\src\\model\\Usuario.model.ts","statementMap":{"0":{"start":{"line":1,"column":0},"end":{"line":1,"column":120}},"1":{"start":{"line":2,"column":0},"end":{"line":2,"column":32}},"2":{"start":{"line":8,"column":0},"end":{"line":38,"column":null}},"3":{"start":{"line":12,"column":12},"end":{"line":12,"column":null}},"4":{"start":{"line":18,"column":4},"end":{"line":18,"column":null}},"5":{"start":{"line":24,"column":4},"end":{"line":24,"column":null}},"6":{"start":{"line":30,"column":4},"end":{"line":30,"column":null}},"7":{"start":{"line":34,"column":4},"end":{"line":34,"column":null}},"8":{"start":{"line":32,"column":22},"end":{"line":32,"column":26}},"9":{"start":{"line":37,"column":4},"end":{"line":37,"column":null}},"10":{"start":{"line":36,"column":21},"end":{"line":36,"column":25}},"11":{"start":{"line":8,"column":6},"end":{"line":38,"column":null}},"12":{"start":{"line":40,"column":0},"end":{"line":40,"column":23}}},"fnMap":{"0":{"name":"(anonymous_3)","decl":{"start":{"line":32,"column":16},"end":{"line":32,"column":19}},"loc":{"start":{"line":32,"column":22},"end":{"line":32,"column":26}}},"1":{"name":"(anonymous_4)","decl":{"start":{"line":36,"column":15},"end":{"line":36,"column":18}},"loc":{"start":{"line":36,"column":21},"end":{"line":36,"column":25}}}},"branchMap":{},"s":{"0":6,"1":6,"2":6,"3":6,"4":6,"5":6,"6":6,"7":6,"8":12,"9":6,"10":12,"11":6,"12":6},"f":{"0":12,"1":12},"b":{}}
,"C:\\Users\\kevin\\Desktop\\sistema_pm\\server\\src\\models\\server.ts": {"path":"C:\\Users\\kevin\\Desktop\\sistema_pm\\server\\src\\models\\server.ts","statementMap":{"0":{"start":{"line":1,"column":0},"end":{"line":1,"column":30}},"1":{"start":{"line":2,"column":0},"end":{"line":2,"column":48}},"2":{"start":{"line":3,"column":0},"end":{"line":3,"column":54}},"3":{"start":{"line":4,"column":0},"end":{"line":4,"column":74}},"4":{"start":{"line":5,"column":0},"end":{"line":5,"column":56}},"5":{"start":{"line":6,"column":0},"end":{"line":6,"column":46}},"6":{"start":{"line":7,"column":0},"end":{"line":7,"column":73}},"7":{"start":{"line":8,"column":0},"end":{"line":8,"column":28}},"8":{"start":{"line":10,"column":0},"end":{"line":10,"column":42}},"9":{"start":{"line":11,"column":0},"end":{"line":11,"column":44}},"10":{"start":{"line":12,"column":0},"end":{"line":12,"column":30}},"11":{"start":{"line":16,"column":4},"end":{"line":23,"column":5}},"12":{"start":{"line":17,"column":8},"end":{"line":17,"column":null}},"13":{"start":{"line":18,"column":8},"end":{"line":18,"column":null}},"14":{"start":{"line":22,"column":8},"end":{"line":22,"column":null}},"15":{"start":{"line":25,"column":0},"end":{"line":25,"column":12}},"16":{"start":{"line":27,"column":15},"end":{"line":27,"column":24}},"17":{"start":{"line":30,"column":33},"end":{"line":40,"column":null}},"18":{"start":{"line":32,"column":8},"end":{"line":38,"column":9}},"19":{"start":{"line":34,"column":12},"end":{"line":34,"column":null}},"20":{"start":{"line":37,"column":12},"end":{"line":37,"column":null}},"21":{"start":{"line":44,"column":0},"end":{"line":44,"column":27}},"22":{"start":{"line":48,"column":0},"end":{"line":48,"column":38}},"23":{"start":{"line":49,"column":0},"end":{"line":49,"column":44}},"24":{"start":{"line":50,"column":0},"end":{"line":50,"column":64}},"25":{"start":{"line":51,"column":0},"end":{"line":51,"column":46}},"26":{"start":{"line":52,"column":0},"end":{"line":52,"column":36}},"27":{"start":{"line":53,"column":0},"end":{"line":53,"column":null}},"28":{"start":{"line":56,"column":0},"end":{"line":56,"column":null}},"29":{"start":{"line":58,"column":0},"end":{"line":58,"column":22}}},"fnMap":{"0":{"name":"connectDB","decl":{"start":{"line":15,"column":15},"end":{"line":15,"column":24}},"loc":{"start":{"line":15,"column":24},"end":{"line":24,"column":1}}},"1":{"name":"(anonymous_2)","decl":{"start":{"line":31,"column":12},"end":{"line":31,"column":22}},"loc":{"start":{"line":31,"column":38},"end":{"line":39,"column":5}}}},"branchMap":{"0":{"loc":{"start":{"line":32,"column":8},"end":{"line":38,"column":9}},"type":"if","locations":[{"start":{"line":32,"column":8},"end":{"line":38,"column":9}},{"start":{"line":35,"column":15},"end":{"line":38,"column":9}}]}},"s":{"0":6,"1":6,"2":6,"3":6,"4":6,"5":6,"6":6,"7":6,"8":6,"9":6,"10":6,"11":6,"12":6,"13":6,"14":0,"15":6,"16":6,"17":6,"18":0,"19":0,"20":0,"21":6,"22":6,"23":6,"24":6,"25":6,"26":6,"27":6,"28":6,"29":6},"f":{"0":6,"1":0},"b":{"0":[0,0]}}
,"C:\\Users\\kevin\\Desktop\\sistema_pm\\server\\src\\routes\\area_route.ts": {"path":"C:\\Users\\kevin\\Desktop\\sistema_pm\\server\\src\\routes\\area_route.ts","statementMap":{"0":{"start":{"line":1,"column":0},"end":{"line":1,"column":33}},"1":{"start":{"line":3,"column":0},"end":{"line":3,"column":48}},"2":{"start":{"line":4,"column":0},"end":{"line":4,"column":50}},"3":{"start":{"line":5,"column":0},"end":{"line":5,"column":92}},"4":{"start":{"line":7,"column":15},"end":{"line":7,"column":23}},"5":{"start":{"line":9,"column":0},"end":{"line":9,"column":25}},"6":{"start":{"line":11,"column":0},"end":{"line":15,"column":2}},"7":{"start":{"line":17,"column":0},"end":{"line":23,"column":null}},"8":{"start":{"line":25,"column":0},"end":{"line":30,"column":2}},"9":{"start":{"line":32,"column":0},"end":{"line":36,"column":null}},"10":{"start":{"line":39,"column":0},"end":{"line":39,"column":22}}},"fnMap":{},"branchMap":{},"s":{"0":6,"1":6,"2":6,"3":6,"4":6,"5":6,"6":6,"7":6,"8":6,"9":6,"10":6},"f":{},"b":{}}
,"C:\\Users\\kevin\\Desktop\\sistema_pm\\server\\src\\routes\\categoria_material_route.ts": {"path":"C:\\Users\\kevin\\Desktop\\sistema_pm\\server\\src\\routes\\categoria_material_route.ts","statementMap":{"0":{"start":{"line":1,"column":0},"end":{"line":1,"column":33}},"1":{"start":{"line":3,"column":0},"end":{"line":3,"column":48}},"2":{"start":{"line":4,"column":0},"end":{"line":4,"column":50}},"3":{"start":{"line":5,"column":0},"end":{"line":5,"column":172}},"4":{"start":{"line":8,"column":15},"end":{"line":8,"column":23}},"5":{"start":{"line":10,"column":0},"end":{"line":10,"column":38}},"6":{"start":{"line":12,"column":0},"end":{"line":16,"column":2}},"7":{"start":{"line":18,"column":0},"end":{"line":23,"column":2}},"8":{"start":{"line":25,"column":0},"end":{"line":30,"column":2}},"9":{"start":{"line":32,"column":0},"end":{"line":36,"column":null}},"10":{"start":{"line":39,"column":0},"end":{"line":39,"column":22}}},"fnMap":{},"branchMap":{},"s":{"0":6,"1":6,"2":6,"3":6,"4":6,"5":6,"6":6,"7":6,"8":6,"9":6,"10":6},"f":{},"b":{}}
,"C:\\Users\\kevin\\Desktop\\sistema_pm\\server\\src\\routes\\marca_route.ts": {"path":"C:\\Users\\kevin\\Desktop\\sistema_pm\\server\\src\\routes\\marca_route.ts","statementMap":{"0":{"start":{"line":1,"column":0},"end":{"line":1,"column":33}},"1":{"start":{"line":2,"column":0},"end":{"line":2,"column":98}},"2":{"start":{"line":3,"column":0},"end":{"line":3,"column":48}},"3":{"start":{"line":4,"column":0},"end":{"line":4,"column":50}},"4":{"start":{"line":6,"column":15},"end":{"line":6,"column":23}},"5":{"start":{"line":48,"column":0},"end":{"line":48,"column":26}},"6":{"start":{"line":80,"column":0},"end":{"line":84,"column":2}},"7":{"start":{"line":117,"column":0},"end":{"line":122,"column":2}},"8":{"start":{"line":164,"column":0},"end":{"line":169,"column":2}},"9":{"start":{"line":197,"column":0},"end":{"line":201,"column":null}},"10":{"start":{"line":203,"column":0},"end":{"line":203,"column":22}}},"fnMap":{},"branchMap":{},"s":{"0":6,"1":6,"2":6,"3":6,"4":6,"5":6,"6":6,"7":6,"8":6,"9":6,"10":6},"f":{},"b":{}}
,"C:\\Users\\kevin\\Desktop\\sistema_pm\\server\\src\\routes\\material_proveedor_route.ts": {"path":"C:\\Users\\kevin\\Desktop\\sistema_pm\\server\\src\\routes\\material_proveedor_route.ts","statementMap":{"0":{"start":{"line":1,"column":0},"end":{"line":1,"column":33}},"1":{"start":{"line":3,"column":0},"end":{"line":3,"column":48}},"2":{"start":{"line":4,"column":0},"end":{"line":4,"column":50}},"3":{"start":{"line":5,"column":0},"end":{"line":5,"column":146}},"4":{"start":{"line":7,"column":15},"end":{"line":7,"column":23}},"5":{"start":{"line":9,"column":0},"end":{"line":9,"column":null}},"6":{"start":{"line":11,"column":0},"end":{"line":16,"column":null}},"7":{"start":{"line":18,"column":0},"end":{"line":23,"column":null}},"8":{"start":{"line":25,"column":0},"end":{"line":32,"column":null}},"9":{"start":{"line":41,"column":0},"end":{"line":41,"column":22}}},"fnMap":{},"branchMap":{},"s":{"0":6,"1":6,"2":6,"3":6,"4":6,"5":6,"6":6,"7":6,"8":6,"9":6},"f":{},"b":{}}
,"C:\\Users\\kevin\\Desktop\\sistema_pm\\server\\src\\routes\\material_route.ts": {"path":"C:\\Users\\kevin\\Desktop\\sistema_pm\\server\\src\\routes\\material_route.ts","statementMap":{"0":{"start":{"line":1,"column":0},"end":{"line":1,"column":33}},"1":{"start":{"line":3,"column":0},"end":{"line":3,"column":48}},"2":{"start":{"line":4,"column":0},"end":{"line":4,"column":50}},"3":{"start":{"line":5,"column":0},"end":{"line":5,"column":116}},"4":{"start":{"line":7,"column":15},"end":{"line":7,"column":23}},"5":{"start":{"line":10,"column":0},"end":{"line":11,"column":2}},"6":{"start":{"line":13,"column":0},"end":{"line":17,"column":2}},"7":{"start":{"line":19,"column":0},"end":{"line":32,"column":2}},"8":{"start":{"line":35,"column":0},"end":{"line":48,"column":2}},"9":{"start":{"line":50,"column":0},"end":{"line":54,"column":null}},"10":{"start":{"line":56,"column":0},"end":{"line":56,"column":22}}},"fnMap":{},"branchMap":{},"s":{"0":6,"1":6,"2":6,"3":6,"4":6,"5":6,"6":6,"7":6,"8":6,"9":6,"10":6},"f":{},"b":{}}
,"C:\\Users\\kevin\\Desktop\\sistema_pm\\server\\src\\routes\\proveedor_route.ts": {"path":"C:\\Users\\kevin\\Desktop\\sistema_pm\\server\\src\\routes\\proveedor_route.ts","statementMap":{"0":{"start":{"line":1,"column":0},"end":{"line":1,"column":33}},"1":{"start":{"line":3,"column":0},"end":{"line":3,"column":48}},"2":{"start":{"line":4,"column":0},"end":{"line":4,"column":50}},"3":{"start":{"line":5,"column":0},"end":{"line":5,"column":122}},"4":{"start":{"line":7,"column":15},"end":{"line":7,"column":23}},"5":{"start":{"line":9,"column":0},"end":{"line":9,"column":null}},"6":{"start":{"line":11,"column":0},"end":{"line":15,"column":2}},"7":{"start":{"line":18,"column":0},"end":{"line":25,"column":null}},"8":{"start":{"line":27,"column":0},"end":{"line":33,"column":2}},"9":{"start":{"line":35,"column":0},"end":{"line":39,"column":null}},"10":{"start":{"line":45,"column":0},"end":{"line":45,"column":22}}},"fnMap":{},"branchMap":{},"s":{"0":6,"1":6,"2":6,"3":6,"4":6,"5":6,"6":6,"7":6,"8":6,"9":6,"10":6},"f":{},"b":{}}
}
