TN:
SF:src\config\db.ts
FNF:0
FNH:0
DA:1,2
DA:2,2
DA:4,2
DA:6,2
DA:11,2
LF:5
LH:5
BRF:0
BRH:0
end_of_record
TN:
SF:src\handlers\area.ts
FN:5,(anonymous_1)
FN:9,(anonymous_2)
FN:13,(anonymous_3)
FN:17,(anonymous_4)
FN:21,(anonymous_5)
FNF:5
FNH:0
FNDA:0,(anonymous_1)
FNDA:0,(anonymous_2)
FNDA:0,(anonymous_3)
FNDA:0,(anonymous_4)
FNDA:0,(anonymous_5)
DA:2,2
DA:3,2
DA:5,2
DA:6,0
DA:9,2
DA:10,0
DA:13,2
DA:14,0
DA:17,2
DA:18,0
DA:21,2
DA:22,0
LF:12
LH:7
BRF:0
BRH:0
end_of_record
TN:
SF:src\handlers\categoria_material.ts
FN:5,(anonymous_1)
FN:9,(anonymous_2)
FN:13,(anonymous_3)
FN:17,(anonymous_4)
FN:21,(anonymous_5)
FNF:5
FNH:0
FNDA:0,(anonymous_1)
FNDA:0,(anonymous_2)
FNDA:0,(anonymous_3)
FNDA:0,(anonymous_4)
FNDA:0,(anonymous_5)
DA:2,2
DA:3,2
DA:5,2
DA:6,0
DA:9,2
DA:10,0
DA:13,2
DA:14,0
DA:17,2
DA:18,0
DA:21,2
DA:22,0
LF:12
LH:7
BRF:0
BRH:0
end_of_record
TN:
SF:src\handlers\marca.ts
FN:6,(anonymous_1)
FN:10,(anonymous_2)
FN:14,(anonymous_3)
FN:18,(anonymous_4)
FN:22,(anonymous_5)
FNF:5
FNH:5
FNDA:1,(anonymous_1)
FNDA:2,(anonymous_2)
FNDA:2,(anonymous_3)
FNDA:2,(anonymous_4)
FNDA:2,(anonymous_5)
DA:3,2
DA:4,2
DA:6,2
DA:7,1
DA:10,2
DA:11,2
DA:14,2
DA:15,2
DA:18,2
DA:19,2
DA:22,2
DA:23,2
LF:12
LH:12
BRF:0
BRH:0
end_of_record
TN:
SF:src\handlers\material.ts
FN:9,(anonymous_1)
FN:41,(anonymous_2)
FN:73,(anonymous_3)
FN:82,(anonymous_4)
FN:105,(anonymous_5)
FNF:5
FNH:0
FNDA:0,(anonymous_1)
FNDA:0,(anonymous_2)
FNDA:0,(anonymous_3)
FNDA:0,(anonymous_4)
FNDA:0,(anonymous_5)
DA:2,2
DA:3,2
DA:4,2
DA:5,2
DA:6,2
DA:9,2
DA:10,0
DA:12,0
DA:28,0
DA:29,0
DA:33,0
DA:36,0
DA:41,2
DA:42,0
DA:44,0
DA:46,0
DA:59,0
DA:60,0
DA:64,0
DA:67,0
DA:73,2
DA:74,0
DA:75,0
DA:76,0
DA:78,0
DA:82,2
DA:83,0
DA:84,0
DA:86,0
DA:88,0
DA:89,0
DA:96,0
DA:97,0
DA:99,0
DA:101,0
DA:105,2
DA:106,0
DA:108,0
DA:110,0
DA:111,0
DA:116,0
DA:117,0
LF:42
LH:10
BRDA:28,0,0,0
BRDA:59,1,0,0
BRDA:88,2,0,0
BRDA:110,3,0,0
BRF:4
BRH:0
end_of_record
TN:
SF:src\handlers\proveedor.ts
FN:6,(anonymous_1)
FN:10,(anonymous_2)
FN:14,(anonymous_3)
FN:18,(anonymous_4)
FN:22,(anonymous_5)
FNF:5
FNH:0
FNDA:0,(anonymous_1)
FNDA:0,(anonymous_2)
FNDA:0,(anonymous_3)
FNDA:0,(anonymous_4)
FNDA:0,(anonymous_5)
DA:2,2
DA:3,2
DA:6,2
DA:7,0
DA:10,2
DA:11,0
DA:14,2
DA:15,0
DA:18,2
DA:19,0
DA:22,2
DA:23,0
LF:12
LH:7
BRF:0
BRH:0
end_of_record
TN:
SF:src\handlers\rest_functions.ts
FN:3,(anonymous_0)
FN:18,(anonymous_1)
FN:37,(anonymous_2)
FN:46,(anonymous_3)
FN:72,(anonymous_4)
FNF:5
FNH:5
FNDA:2,(anonymous_0)
FNDA:2,(anonymous_1)
FNDA:1,(anonymous_2)
FNDA:2,(anonymous_3)
FNDA:2,(anonymous_4)
DA:3,2
DA:4,2
DA:5,2
DA:7,2
DA:8,0
DA:12,2
DA:14,0
DA:18,2
DA:19,2
DA:21,2
DA:23,2
DA:25,2
DA:26,1
DA:30,1
DA:33,0
DA:37,2
DA:38,1
DA:39,1
DA:40,1
DA:42,0
DA:46,2
DA:47,2
DA:48,2
DA:50,2
DA:52,2
DA:53,1
DA:60,1
DA:61,1
DA:63,1
DA:68,0
DA:72,2
DA:73,2
DA:74,2
DA:76,2
DA:78,2
DA:79,1
DA:84,1
DA:85,1
DA:88,0
LF:39
LH:33
BRDA:7,0,0,0
BRDA:25,1,0,1
BRDA:52,2,0,1
BRDA:78,3,0,1
BRF:4
BRH:3
end_of_record
TN:
SF:src\middleware\index.ts
FN:4,(anonymous_0)
FNF:1
FNH:1
FNDA:12,(anonymous_0)
DA:2,2
DA:4,2
DA:5,12
DA:6,12
DA:7,5
DA:9,7
LF:6
LH:6
BRDA:6,0,0,5
BRF:1
BRH:1
end_of_record
TN:
SF:src\model\Area.model.ts
FN:21,(anonymous_3)
FN:24,(anonymous_4)
FNF:2
FNH:2
FNDA:4,(anonymous_3)
FNDA:4,(anonymous_4)
DA:1,2
DA:2,2
DA:3,2
DA:9,2
DA:13,2
DA:19,2
DA:21,4
DA:22,2
DA:24,4
DA:25,2
DA:28,2
LF:11
LH:11
BRF:0
BRH:0
end_of_record
TN:
SF:src\model\Categoria_Material.model.ts
FN:20,(anonymous_3)
FNF:1
FNH:1
FNDA:4,(anonymous_3)
DA:1,2
DA:2,2
DA:8,2
DA:12,2
DA:18,2
DA:20,4
DA:21,2
DA:25,2
LF:8
LH:8
BRF:0
BRH:0
end_of_record
TN:
SF:src\model\Marca.model.ts
FN:19,(anonymous_3)
FNF:1
FNH:1
FNDA:4,(anonymous_3)
DA:1,2
DA:2,2
DA:8,2
DA:12,2
DA:17,2
DA:19,4
DA:20,2
DA:23,2
LF:8
LH:8
BRF:0
BRH:0
end_of_record
TN:
SF:src\model\Material.model.ts
FN:55,(anonymous_3)
FN:59,(anonymous_4)
FN:62,(anonymous_5)
FN:66,(anonymous_6)
FN:69,(anonymous_7)
FN:73,(anonymous_8)
FN:76,(anonymous_9)
FN:76,(anonymous_10)
FNF:8
FNH:8
FNDA:20,(anonymous_3)
FNDA:4,(anonymous_4)
FNDA:12,(anonymous_5)
FNDA:4,(anonymous_6)
FNDA:4,(anonymous_7)
FNDA:4,(anonymous_8)
FNDA:4,(anonymous_9)
FNDA:2,(anonymous_10)
DA:1,2
DA:2,2
DA:3,2
DA:4,2
DA:5,2
DA:6,2
DA:13,2
DA:17,2
DA:23,2
DA:29,2
DA:35,2
DA:41,2
DA:47,2
DA:53,2
DA:55,20
DA:57,2
DA:59,4
DA:60,2
DA:62,12
DA:64,2
DA:66,4
DA:67,2
DA:69,4
DA:71,2
DA:73,4
DA:74,2
DA:76,4
DA:77,2
DA:80,2
LF:29
LH:29
BRF:0
BRH:0
end_of_record
TN:
SF:src\model\Material_Proveedor.model.ts
FN:11,(anonymous_3)
FN:15,(anonymous_4)
FN:19,(anonymous_5)
FN:23,(anonymous_6)
FNF:4
FNH:4
FNDA:18,(anonymous_3)
FNDA:4,(anonymous_4)
FNDA:6,(anonymous_5)
FNDA:4,(anonymous_6)
DA:1,2
DA:2,2
DA:3,2
DA:9,2
DA:11,18
DA:13,2
DA:15,4
DA:16,2
DA:19,6
DA:21,2
DA:23,4
DA:24,2
DA:27,2
LF:13
LH:13
BRF:0
BRH:0
end_of_record
TN:
SF:src\model\Proveedor.model.ts
FN:33,(anonymous_3)
FN:33,(anonymous_4)
FNF:2
FNH:2
FNDA:4,(anonymous_3)
FNDA:2,(anonymous_4)
DA:1,2
DA:2,2
DA:3,2
DA:9,2
DA:13,2
DA:19,2
DA:25,2
DA:31,2
DA:33,4
DA:34,2
DA:38,2
LF:11
LH:11
BRF:0
BRH:0
end_of_record
TN:
SF:src\model\Usuario.model.ts
FN:32,(anonymous_3)
FN:36,(anonymous_4)
FNF:2
FNH:2
FNDA:4,(anonymous_3)
FNDA:4,(anonymous_4)
DA:1,2
DA:2,2
DA:8,2
DA:12,2
DA:18,2
DA:24,2
DA:30,2
DA:32,4
DA:34,2
DA:36,4
DA:37,2
DA:40,2
LF:12
LH:12
BRF:0
BRH:0
end_of_record
TN:
SF:src\models\server.ts
FN:12,connectDB
FN:28,(anonymous_2)
FN:49,(anonymous_3)
FNF:3
FNH:2
FNDA:2,connectDB
FNDA:0,(anonymous_2)
FNDA:1,(anonymous_3)
DA:1,2
DA:2,2
DA:3,2
DA:4,2
DA:5,2
DA:6,2
DA:7,2
DA:9,2
DA:13,2
DA:14,2
DA:15,1
DA:18,0
DA:19,0
DA:22,2
DA:24,2
DA:27,2
DA:29,0
DA:31,0
DA:34,0
DA:41,2
DA:43,2
DA:44,2
DA:45,2
DA:46,2
DA:47,2
DA:49,2
DA:50,1
DA:54,2
LF:28
LH:23
BRDA:29,0,0,0
BRDA:29,0,1,0
BRF:2
BRH:0
end_of_record
TN:
SF:src\routes\area_route.ts
FNF:0
FNH:0
DA:1,2
DA:3,2
DA:4,2
DA:5,2
DA:7,2
DA:9,2
DA:11,2
DA:17,2
DA:25,2
DA:32,2
DA:39,2
LF:11
LH:11
BRF:0
BRH:0
end_of_record
TN:
SF:src\routes\categoria_material_route.ts
FNF:0
FNH:0
DA:1,2
DA:3,2
DA:4,2
DA:5,2
DA:8,2
DA:10,2
DA:12,2
DA:18,2
DA:25,2
DA:32,2
DA:39,2
LF:11
LH:11
BRF:0
BRH:0
end_of_record
TN:
SF:src\routes\marca_route.ts
FNF:0
FNH:0
DA:1,2
DA:2,2
DA:3,2
DA:4,2
DA:6,2
DA:9,2
DA:11,2
DA:17,2
DA:24,2
DA:31,2
DA:37,2
LF:11
LH:11
BRF:0
BRH:0
end_of_record
TN:
SF:src\routes\material_route.ts
FNF:0
FNH:0
DA:1,2
DA:3,2
DA:4,2
DA:5,2
DA:7,2
DA:10,2
DA:13,2
DA:19,2
DA:33,2
DA:39,2
DA:45,2
LF:11
LH:11
BRF:0
BRH:0
end_of_record
TN:
SF:src\routes\proveedor_route.ts
FNF:0
FNH:0
DA:1,2
DA:3,2
DA:4,2
DA:5,2
DA:7,2
DA:9,2
DA:11,2
DA:18,2
DA:27,2
DA:35,2
DA:45,2
LF:11
LH:11
BRF:0
BRH:0
end_of_record
