TN:
SF:src\config\db.ts
FNF:0
FNH:0
DA:1,6
DA:2,6
DA:4,6
DA:6,6
DA:11,6
LF:5
LH:5
BRF:0
BRH:0
end_of_record
TN:
SF:src\config\swagger.ts
FNF:0
FNH:0
DA:1,6
DA:3,6
DA:21,6
DA:23,6
LF:4
LH:4
BRF:0
BRH:0
end_of_record
TN:
SF:src\handlers\area.ts
FN:5,(anonymous_1)
FN:9,(anonymous_2)
FN:13,(anonymous_3)
FN:17,(anonymous_4)
FN:21,(anonymous_5)
FNF:5
FNH:5
FNDA:2,(anonymous_1)
FNDA:2,(anonymous_2)
FNDA:1,(anonymous_3)
FNDA:2,(anonymous_4)
FNDA:2,(anonymous_5)
DA:2,6
DA:3,6
DA:5,6
DA:6,2
DA:9,6
DA:10,2
DA:13,6
DA:14,1
DA:17,6
DA:18,2
DA:21,6
DA:22,2
LF:12
LH:12
BRF:0
BRH:0
end_of_record
TN:
SF:src\handlers\categoria_material.ts
FN:5,(anonymous_1)
FN:9,(anonymous_2)
FN:13,(anonymous_3)
FN:17,(anonymous_4)
FN:21,(anonymous_5)
FNF:5
FNH:5
FNDA:2,(anonymous_1)
FNDA:2,(anonymous_2)
FNDA:1,(anonymous_3)
FNDA:2,(anonymous_4)
FNDA:2,(anonymous_5)
DA:2,6
DA:3,6
DA:5,6
DA:6,2
DA:9,6
DA:10,2
DA:13,6
DA:14,1
DA:17,6
DA:18,2
DA:21,6
DA:22,2
LF:12
LH:12
BRF:0
BRH:0
end_of_record
TN:
SF:src\handlers\marca.ts
FN:6,(anonymous_1)
FN:10,(anonymous_2)
FN:14,(anonymous_3)
FN:18,(anonymous_4)
FN:22,(anonymous_5)
FNF:5
FNH:5
FNDA:1,(anonymous_1)
FNDA:2,(anonymous_2)
FNDA:2,(anonymous_3)
FNDA:2,(anonymous_4)
FNDA:2,(anonymous_5)
DA:3,6
DA:4,6
DA:6,6
DA:7,1
DA:10,6
DA:11,2
DA:14,6
DA:15,2
DA:18,6
DA:19,2
DA:22,6
DA:23,2
LF:12
LH:12
BRF:0
BRH:0
end_of_record
TN:
SF:src\handlers\material.ts
FN:8,(anonymous_1)
FN:40,(anonymous_2)
FN:72,(anonymous_3)
FN:81,(anonymous_4)
FN:104,(anonymous_5)
FNF:5
FNH:5
FNDA:2,(anonymous_1)
FNDA:2,(anonymous_2)
FNDA:1,(anonymous_3)
FNDA:2,(anonymous_4)
FNDA:2,(anonymous_5)
DA:2,6
DA:3,6
DA:4,6
DA:5,6
DA:6,6
DA:8,6
DA:9,2
DA:11,2
DA:27,2
DA:28,0
DA:32,2
DA:35,0
DA:40,6
DA:41,2
DA:43,2
DA:45,2
DA:58,2
DA:59,1
DA:63,1
DA:66,0
DA:72,6
DA:73,1
DA:74,1
DA:75,1
DA:77,0
DA:81,6
DA:82,2
DA:83,2
DA:85,2
DA:87,2
DA:88,1
DA:95,1
DA:96,1
DA:98,1
DA:100,0
DA:104,6
DA:105,2
DA:107,2
DA:109,2
DA:110,1
DA:115,1
DA:116,0
LF:42
LH:36
BRDA:27,0,0,0
BRDA:58,1,0,1
BRDA:87,2,0,1
BRDA:109,3,0,1
BRF:4
BRH:3
end_of_record
TN:
SF:src\handlers\material_proveedor.ts
FN:7,(anonymous_1)
FN:29,(anonymous_2)
FN:57,(anonymous_3)
FN:61,(anonymous_4)
FNF:4
FNH:4
FNDA:2,(anonymous_1)
FNDA:2,(anonymous_2)
FNDA:1,(anonymous_3)
FNDA:2,(anonymous_4)
DA:2,6
DA:3,6
DA:4,6
DA:5,6
DA:7,6
DA:8,2
DA:21,2
DA:22,0
DA:26,2
DA:29,6
DA:30,2
DA:32,2
DA:49,2
DA:50,1
DA:54,1
DA:57,6
DA:58,1
DA:61,6
DA:62,2
DA:63,2
DA:70,2
DA:71,1
DA:77,1
DA:80,1
DA:81,1
LF:25
LH:24
BRDA:21,0,0,0
BRDA:49,1,0,1
BRDA:70,2,0,1
BRF:3
BRH:2
end_of_record
TN:
SF:src\handlers\proveedor.ts
FN:6,(anonymous_1)
FN:10,(anonymous_2)
FN:14,(anonymous_3)
FN:18,(anonymous_4)
FN:22,(anonymous_5)
FNF:5
FNH:5
FNDA:2,(anonymous_1)
FNDA:2,(anonymous_2)
FNDA:1,(anonymous_3)
FNDA:2,(anonymous_4)
FNDA:2,(anonymous_5)
DA:2,6
DA:3,6
DA:6,6
DA:7,2
DA:10,6
DA:11,2
DA:14,6
DA:15,1
DA:18,6
DA:19,2
DA:22,6
DA:23,2
LF:12
LH:12
BRF:0
BRH:0
end_of_record
TN:
SF:src\handlers\rest_functions.ts
FN:3,(anonymous_0)
FN:18,(anonymous_1)
FN:37,(anonymous_2)
FN:46,(anonymous_3)
FN:72,(anonymous_4)
FNF:5
FNH:5
FNDA:8,(anonymous_0)
FNDA:8,(anonymous_1)
FNDA:5,(anonymous_2)
FNDA:8,(anonymous_3)
FNDA:8,(anonymous_4)
DA:3,6
DA:4,8
DA:5,8
DA:7,8
DA:8,0
DA:12,8
DA:14,0
DA:18,6
DA:19,8
DA:21,8
DA:23,8
DA:25,8
DA:26,4
DA:30,4
DA:33,0
DA:37,6
DA:38,5
DA:39,5
DA:40,5
DA:42,0
DA:46,6
DA:47,8
DA:48,8
DA:50,8
DA:52,8
DA:53,6
DA:60,2
DA:61,2
DA:63,2
DA:68,0
DA:72,6
DA:73,8
DA:74,8
DA:76,8
DA:78,8
DA:79,5
DA:84,3
DA:85,3
DA:88,0
LF:39
LH:33
BRDA:7,0,0,0
BRDA:25,1,0,4
BRDA:52,2,0,6
BRDA:78,3,0,5
BRF:4
BRH:3
end_of_record
TN:
SF:src\middleware\index.ts
FN:4,(anonymous_0)
FNF:1
FNH:1
FNDA:69,(anonymous_0)
DA:2,6
DA:4,6
DA:5,69
DA:6,69
DA:7,29
DA:9,40
LF:6
LH:6
BRDA:6,0,0,29
BRF:1
BRH:1
end_of_record
TN:
SF:src\model\Area.model.ts
FN:21,(anonymous_3)
FN:24,(anonymous_4)
FNF:2
FNH:2
FNDA:12,(anonymous_3)
FNDA:12,(anonymous_4)
DA:1,6
DA:2,6
DA:3,6
DA:9,6
DA:13,6
DA:19,6
DA:21,12
DA:22,6
DA:24,12
DA:25,6
DA:28,6
LF:11
LH:11
BRF:0
BRH:0
end_of_record
TN:
SF:src\model\Categoria_Material.model.ts
FN:20,(anonymous_3)
FNF:1
FNH:1
FNDA:12,(anonymous_3)
DA:1,6
DA:2,6
DA:8,6
DA:12,6
DA:18,6
DA:20,12
DA:21,6
DA:25,6
LF:8
LH:8
BRF:0
BRH:0
end_of_record
TN:
SF:src\model\Marca.model.ts
FN:19,(anonymous_3)
FNF:1
FNH:1
FNDA:12,(anonymous_3)
DA:1,6
DA:2,6
DA:8,6
DA:12,6
DA:17,6
DA:19,12
DA:20,6
DA:23,6
LF:8
LH:8
BRF:0
BRH:0
end_of_record
TN:
SF:src\model\Material.model.ts
FN:55,(anonymous_3)
FN:59,(anonymous_4)
FN:62,(anonymous_5)
FN:66,(anonymous_6)
FN:69,(anonymous_7)
FN:73,(anonymous_8)
FN:76,(anonymous_9)
FN:76,(anonymous_10)
FNF:8
FNH:8
FNDA:60,(anonymous_3)
FNDA:12,(anonymous_4)
FNDA:36,(anonymous_5)
FNDA:12,(anonymous_6)
FNDA:12,(anonymous_7)
FNDA:12,(anonymous_8)
FNDA:12,(anonymous_9)
FNDA:6,(anonymous_10)
DA:1,6
DA:2,6
DA:3,6
DA:4,6
DA:5,6
DA:6,6
DA:13,6
DA:17,6
DA:23,6
DA:29,6
DA:35,6
DA:41,6
DA:47,6
DA:53,6
DA:55,60
DA:57,6
DA:59,12
DA:60,6
DA:62,36
DA:64,6
DA:66,12
DA:67,6
DA:69,12
DA:71,6
DA:73,12
DA:74,6
DA:76,12
DA:77,6
DA:80,6
LF:29
LH:29
BRF:0
BRH:0
end_of_record
TN:
SF:src\model\Material_Proveedor.model.ts
FN:11,(anonymous_3)
FN:15,(anonymous_4)
FN:19,(anonymous_5)
FN:23,(anonymous_6)
FNF:4
FNH:4
FNDA:54,(anonymous_3)
FNDA:12,(anonymous_4)
FNDA:18,(anonymous_5)
FNDA:12,(anonymous_6)
DA:1,6
DA:2,6
DA:3,6
DA:9,6
DA:11,54
DA:13,6
DA:15,12
DA:16,6
DA:19,18
DA:21,6
DA:23,12
DA:24,6
DA:27,6
LF:13
LH:13
BRF:0
BRH:0
end_of_record
TN:
SF:src\model\Proveedor.model.ts
FN:33,(anonymous_3)
FN:33,(anonymous_4)
FNF:2
FNH:2
FNDA:12,(anonymous_3)
FNDA:6,(anonymous_4)
DA:1,6
DA:2,6
DA:3,6
DA:9,6
DA:13,6
DA:19,6
DA:25,6
DA:31,6
DA:33,12
DA:34,6
DA:38,6
LF:11
LH:11
BRF:0
BRH:0
end_of_record
TN:
SF:src\model\Usuario.model.ts
FN:32,(anonymous_3)
FN:36,(anonymous_4)
FNF:2
FNH:2
FNDA:12,(anonymous_3)
FNDA:12,(anonymous_4)
DA:1,6
DA:2,6
DA:8,6
DA:12,6
DA:18,6
DA:24,6
DA:30,6
DA:32,12
DA:34,6
DA:36,12
DA:37,6
DA:40,6
LF:12
LH:12
BRF:0
BRH:0
end_of_record
TN:
SF:src\models\server.ts
FN:15,connectDB
FN:31,(anonymous_2)
FNF:2
FNH:1
FNDA:6,connectDB
FNDA:0,(anonymous_2)
DA:1,6
DA:2,6
DA:3,6
DA:4,6
DA:5,6
DA:6,6
DA:7,6
DA:8,6
DA:10,6
DA:11,6
DA:12,6
DA:16,6
DA:17,6
DA:18,6
DA:22,0
DA:25,6
DA:27,6
DA:30,6
DA:32,0
DA:34,0
DA:37,0
DA:44,6
DA:48,6
DA:49,6
DA:50,6
DA:51,6
DA:52,6
DA:53,6
DA:56,6
DA:58,6
LF:30
LH:26
BRDA:32,0,0,0
BRDA:32,0,1,0
BRF:2
BRH:0
end_of_record
TN:
SF:src\routes\area_route.ts
FNF:0
FNH:0
DA:1,6
DA:3,6
DA:4,6
DA:5,6
DA:7,6
DA:9,6
DA:11,6
DA:17,6
DA:25,6
DA:32,6
DA:39,6
LF:11
LH:11
BRF:0
BRH:0
end_of_record
TN:
SF:src\routes\categoria_material_route.ts
FNF:0
FNH:0
DA:1,6
DA:3,6
DA:4,6
DA:5,6
DA:8,6
DA:10,6
DA:12,6
DA:18,6
DA:25,6
DA:32,6
DA:39,6
LF:11
LH:11
BRF:0
BRH:0
end_of_record
TN:
SF:src\routes\marca_route.ts
FNF:0
FNH:0
DA:1,6
DA:2,6
DA:3,6
DA:4,6
DA:6,6
DA:48,6
DA:80,6
DA:117,6
DA:164,6
DA:197,6
DA:203,6
LF:11
LH:11
BRF:0
BRH:0
end_of_record
TN:
SF:src\routes\material_proveedor_route.ts
FNF:0
FNH:0
DA:1,6
DA:3,6
DA:4,6
DA:5,6
DA:7,6
DA:9,6
DA:11,6
DA:18,6
DA:25,6
DA:41,6
LF:10
LH:10
BRF:0
BRH:0
end_of_record
TN:
SF:src\routes\material_route.ts
FNF:0
FNH:0
DA:1,6
DA:3,6
DA:4,6
DA:5,6
DA:7,6
DA:10,6
DA:13,6
DA:19,6
DA:35,6
DA:50,6
DA:56,6
LF:11
LH:11
BRF:0
BRH:0
end_of_record
TN:
SF:src\routes\proveedor_route.ts
FNF:0
FNH:0
DA:1,6
DA:3,6
DA:4,6
DA:5,6
DA:7,6
DA:9,6
DA:11,6
DA:18,6
DA:27,6
DA:35,6
DA:45,6
LF:11
LH:11
BRF:0
BRH:0
end_of_record
